<?xml version="1.0" encoding="UTF-8"?>
<!-- Generated by org.testng.reporters.JUnitXMLReporter -->
<testsuite ignored="0" hostname="DESKTOP-MH9ASUD" failures="0" tests="3" name="Submit Order Test" time="43.131" errors="0" timestamp="2023-12-17T20:55:25 IST">
  <testcase classname="akshaychopadeacademy.tests.SubmitOrderTest" name="submitOrder" time="15.068"/>
  <testcase classname="akshaychopadeacademy.tests.SubmitOrderTest" name="submitOrder" time="15.484"/>
  <testcase classname="akshaychopadeacademy.tests.SubmitOrderTest" name="OrderHistoryTest" time="0.741"/>
</testsuite> <!-- Submit Order Test -->
