<?xml version="1.0" encoding="UTF-8"?>
<!-- Generated by org.testng.reporters.JUnitXMLReporter -->
<testsuite ignored="0" hostname="DESKTOP-MH9ASUD" failures="1" tests="3" name="Error Validations Test" time="42.447" errors="0" timestamp="2023-12-18T17:17:49 IST">
  <testcase classname="akshaychopadeacademy.tests.ErrorValidationsTest" name="LoginErrorValidations" time="0.5">
    <skipped/>
  </testcase> <!-- LoginErrorValidations -->
  <testcase classname="akshaychopadeacademy.tests.ErrorValidationsTest" name="LoginErrorValidations" time="0.962">
    <failure type="java.lang.AssertionError" message="expected [Incorrect email or password.] but found [Incorrect email  password.]">
      <![CDATA[java.lang.AssertionError: expected [Incorrect email or password.] but found [Incorrect email  password.]
at akshaychopadeacademy.tests.ErrorValidationsTest.LoginErrorValidations(ErrorValidationsTest.java:24)
at java.base/java.util.ArrayList.forEach(ArrayList.java:1511)
at java.base/java.util.concurrent.FutureTask.run(FutureTask.java:264)
at java.base/java.util.concurrent.ThreadPoolExecutor.runWorker(ThreadPoolExecutor.java:1136)
at java.base/java.util.concurrent.ThreadPoolExecutor$Worker.run(ThreadPoolExecutor.java:635)
at java.base/java.lang.Thread.run(Thread.java:833)
... Removed 23 stack frames]]>
    </failure>
  </testcase> <!-- LoginErrorValidations -->
  <testcase classname="akshaychopadeacademy.tests.ErrorValidationsTest" name="ProductErrorValidation" time="23.997"/>
</testsuite> <!-- Error Validations Test -->
